<?xml version="1.0" encoding="UTF-8"?>
<coverage generated="1601314225844" clover="3.2.0">
  <project timestamp="1601314225845" name="All files">
    <metrics statements="31" coveredstatements="31" conditionals="4" coveredconditionals="4" methods="14" coveredmethods="14" elements="49" coveredelements="49" complexity="0" loc="31" ncloc="31" packages="2" files="6" classes="6"/>
    <package name="javascript-testing">
      <metrics statements="2" coveredstatements="2" conditionals="0" coveredconditionals="0" methods="1" coveredmethods="1"/>
      <file name="sum.js" path="C:\Users\odunsi\Documents\workspace\javascript-testing\sum.js">
        <metrics statements="2" coveredstatements="2" conditionals="0" coveredconditionals="0" methods="1" coveredmethods="1"/>
        <line num="2" count="1" type="stmt"/>
        <line num="5" count="1" type="stmt"/>
      </file>
    </package>
    <package name="javascript-testing.js">
      <metrics statements="29" coveredstatements="29" conditionals="4" coveredconditionals="4" methods="13" coveredmethods="13"/>
      <file name="arrayAnalysis.js" path="C:\Users\odunsi\Documents\workspace\javascript-testing\js\arrayAnalysis.js">
        <metrics statements="6" coveredstatements="6" conditionals="0" coveredconditionals="0" methods="4" coveredmethods="4"/>
        <line num="1" count="1" type="stmt"/>
        <line num="2" count="1" type="stmt"/>
        <line num="3" count="5" type="stmt"/>
        <line num="4" count="12" type="stmt"/>
        <line num="5" count="5" type="stmt"/>
        <line num="10" count="1" type="stmt"/>
      </file>
      <file name="caesar.js" path="C:\Users\odunsi\Documents\workspace\javascript-testing\js\caesar.js">
        <metrics statements="10" coveredstatements="10" conditionals="4" coveredconditionals="4" methods="2" coveredmethods="2"/>
        <line num="2" count="12" type="stmt"/>
        <line num="5" count="1" type="stmt"/>
        <line num="6" count="3" type="cond" truecount="2" falsecount="0"/>
        <line num="8" count="2" type="stmt"/>
        <line num="10" count="2" type="stmt"/>
        <line num="11" count="12" type="cond" truecount="2" falsecount="0"/>
        <line num="12" count="6" type="stmt"/>
        <line num="16" count="6" type="stmt"/>
        <line num="21" count="2" type="stmt"/>
        <line num="24" count="1" type="stmt"/>
      </file>
      <file name="calculator.js" path="C:\Users\odunsi\Documents\workspace\javascript-testing\js\calculator.js">
        <metrics statements="7" coveredstatements="7" conditionals="0" coveredconditionals="0" methods="5" coveredmethods="5"/>
        <line num="1" count="1" type="stmt"/>
        <line num="2" count="4" type="stmt"/>
        <line num="4" count="1" type="stmt"/>
        <line num="7" count="1" type="stmt"/>
        <line num="10" count="1" type="stmt"/>
        <line num="13" count="1" type="stmt"/>
        <line num="18" count="1" type="stmt"/>
      </file>
      <file name="capitalize.js" path="C:\Users\odunsi\Documents\workspace\javascript-testing\js\capitalize.js">
        <metrics statements="3" coveredstatements="3" conditionals="0" coveredconditionals="0" methods="1" coveredmethods="1"/>
        <line num="1" count="1" type="stmt"/>
        <line num="2" count="1" type="stmt"/>
        <line num="5" count="1" type="stmt"/>
      </file>
      <file name="reverseString.js" path="C:\Users\odunsi\Documents\workspace\javascript-testing\js\reverseString.js">
        <metrics statements="3" coveredstatements="3" conditionals="0" coveredconditionals="0" methods="1" coveredmethods="1"/>
        <line num="1" count="1" type="stmt"/>
        <line num="2" count="1" type="stmt"/>
        <line num="5" count="1" type="stmt"/>
      </file>
    </package>
  </project>
</coverage>
