{"C:\\Users\\odunsi\\Documents\\workspace\\javascript-testing\\sum.js": {"path":"C:\\Users\\odunsi\\Documents\\workspace\\javascript-testing\\sum.js","statementMap":{"0":{"start":{"line":2,"column":2},"end":{"line":2,"column":15}},"1":{"start":{"line":5,"column":0},"end":{"line":5,"column":21}}},"fnMap":{"0":{"name":"sum","decl":{"start":{"line":1,"column":9},"end":{"line":1,"column":12}},"loc":{"start":{"line":1,"column":19},"end":{"line":3,"column":1}},"line":1}},"branchMap":{},"s":{"0":1,"1":1},"f":{"0":1},"b":{},"_coverageSchema":"1a1c01bbd47fc00a2c39e90264f33305004495a9","hash":"26ebf764122974044216c6dfc28e0eb005778b68"}
,"C:\\Users\\odunsi\\Documents\\workspace\\javascript-testing\\js\\arrayAnalysis.js": {"path":"C:\\Users\\odunsi\\Documents\\workspace\\javascript-testing\\js\\arrayAnalysis.js","statementMap":{"0":{"start":{"line":1,"column":16},"end":{"line":8,"column":1}},"1":{"start":{"line":2,"column":2},"end":{"line":7,"column":4}},"2":{"start":{"line":3,"column":38},"end":{"line":3,"column":47}},"3":{"start":{"line":4,"column":28},"end":{"line":4,"column":33}},"4":{"start":{"line":5,"column":28},"end":{"line":5,"column":33}},"5":{"start":{"line":10,"column":0},"end":{"line":10,"column":25}}},"fnMap":{"0":{"name":"(anonymous_0)","decl":{"start":{"line":1,"column":16},"end":{"line":1,"column":17}},"loc":{"start":{"line":1,"column":25},"end":{"line":8,"column":1}},"line":1},"1":{"name":"(anonymous_1)","decl":{"start":{"line":3,"column":24},"end":{"line":3,"column":25}},"loc":{"start":{"line":3,"column":38},"end":{"line":3,"column":47}},"line":3},"2":{"name":"(anonymous_2)","decl":{"start":{"line":4,"column":18},"end":{"line":4,"column":19}},"loc":{"start":{"line":4,"column":28},"end":{"line":4,"column":33}},"line":4},"3":{"name":"(anonymous_3)","decl":{"start":{"line":5,"column":18},"end":{"line":5,"column":19}},"loc":{"start":{"line":5,"column":28},"end":{"line":5,"column":33}},"line":5}},"branchMap":{},"s":{"0":1,"1":1,"2":5,"3":12,"4":5,"5":1},"f":{"0":1,"1":5,"2":12,"3":5},"b":{},"_coverageSchema":"1a1c01bbd47fc00a2c39e90264f33305004495a9","hash":"0a4155b7402cd06b210ec927330785c7f80ffa75"}
,"C:\\Users\\odunsi\\Documents\\workspace\\javascript-testing\\js\\caesar.js": {"path":"C:\\Users\\odunsi\\Documents\\workspace\\javascript-testing\\js\\caesar.js","statementMap":{"0":{"start":{"line":2,"column":2},"end":{"line":2,"column":35}},"1":{"start":{"line":5,"column":15},"end":{"line":22,"column":1}},"2":{"start":{"line":6,"column":2},"end":{"line":6,"column":62}},"3":{"start":{"line":6,"column":15},"end":{"line":6,"column":62}},"4":{"start":{"line":8,"column":19},"end":{"line":8,"column":21}},"5":{"start":{"line":10,"column":2},"end":{"line":20,"column":3}},"6":{"start":{"line":10,"column":15},"end":{"line":10,"column":16}},"7":{"start":{"line":11,"column":4},"end":{"line":19,"column":5}},"8":{"start":{"line":12,"column":6},"end":{"line":14,"column":8}},"9":{"start":{"line":16,"column":6},"end":{"line":18,"column":8}},"10":{"start":{"line":21,"column":2},"end":{"line":21,"column":20}},"11":{"start":{"line":24,"column":0},"end":{"line":24,"column":24}}},"fnMap":{"0":{"name":"isUpperCase","decl":{"start":{"line":1,"column":9},"end":{"line":1,"column":20}},"loc":{"start":{"line":1,"column":26},"end":{"line":3,"column":1}},"line":1},"1":{"name":"(anonymous_1)","decl":{"start":{"line":5,"column":15},"end":{"line":5,"column":16}},"loc":{"start":{"line":5,"column":29},"end":{"line":22,"column":1}},"line":5}},"branchMap":{"0":{"loc":{"start":{"line":6,"column":2},"end":{"line":6,"column":62}},"type":"if","locations":[{"start":{"line":6,"column":2},"end":{"line":6,"column":62}},{"start":{"line":6,"column":2},"end":{"line":6,"column":62}}],"line":6},"1":{"loc":{"start":{"line":11,"column":4},"end":{"line":19,"column":5}},"type":"if","locations":[{"start":{"line":11,"column":4},"end":{"line":19,"column":5}},{"start":{"line":11,"column":4},"end":{"line":19,"column":5}}],"line":11}},"s":{"0":12,"1":1,"2":3,"3":1,"4":2,"5":2,"6":2,"7":12,"8":6,"9":6,"10":2,"11":1},"f":{"0":12,"1":3},"b":{"0":[1,2],"1":[6,6]},"_coverageSchema":"1a1c01bbd47fc00a2c39e90264f33305004495a9","hash":"aa1b1583bbbfa2ba7facb0dc075a9eee00355452"}
,"C:\\Users\\odunsi\\Documents\\workspace\\javascript-testing\\js\\calculator.js": {"path":"C:\\Users\\odunsi\\Documents\\workspace\\javascript-testing\\js\\calculator.js","statementMap":{"0":{"start":{"line":1,"column":19},"end":{"line":16,"column":1}},"1":{"start":{"line":2,"column":2},"end":{"line":15,"column":4}},"2":{"start":{"line":4,"column":6},"end":{"line":4,"column":21}},"3":{"start":{"line":7,"column":6},"end":{"line":7,"column":21}},"4":{"start":{"line":10,"column":6},"end":{"line":10,"column":21}},"5":{"start":{"line":13,"column":6},"end":{"line":13,"column":21}},"6":{"start":{"line":18,"column":0},"end":{"line":18,"column":28}}},"fnMap":{"0":{"name":"(anonymous_0)","decl":{"start":{"line":1,"column":19},"end":{"line":1,"column":20}},"loc":{"start":{"line":1,"column":31},"end":{"line":16,"column":1}},"line":1},"1":{"name":"(anonymous_1)","decl":{"start":{"line":3,"column":9},"end":{"line":3,"column":10}},"loc":{"start":{"line":3,"column":21},"end":{"line":5,"column":5}},"line":3},"2":{"name":"(anonymous_2)","decl":{"start":{"line":6,"column":14},"end":{"line":6,"column":15}},"loc":{"start":{"line":6,"column":26},"end":{"line":8,"column":5}},"line":6},"3":{"name":"(anonymous_3)","decl":{"start":{"line":9,"column":12},"end":{"line":9,"column":13}},"loc":{"start":{"line":9,"column":24},"end":{"line":11,"column":5}},"line":9},"4":{"name":"(anonymous_4)","decl":{"start":{"line":12,"column":14},"end":{"line":12,"column":15}},"loc":{"start":{"line":12,"column":26},"end":{"line":14,"column":5}},"line":12}},"branchMap":{},"s":{"0":1,"1":4,"2":1,"3":1,"4":1,"5":1,"6":1},"f":{"0":4,"1":1,"2":1,"3":1,"4":1},"b":{},"_coverageSchema":"1a1c01bbd47fc00a2c39e90264f33305004495a9","hash":"219f9c0934772e0281fb1d6fcc2e5d1ed3a185bd"}
,"C:\\Users\\odunsi\\Documents\\workspace\\javascript-testing\\js\\capitalize.js": {"path":"C:\\Users\\odunsi\\Documents\\workspace\\javascript-testing\\js\\capitalize.js","statementMap":{"0":{"start":{"line":1,"column":19},"end":{"line":3,"column":1}},"1":{"start":{"line":2,"column":2},"end":{"line":2,"column":58}},"2":{"start":{"line":5,"column":0},"end":{"line":5,"column":28}}},"fnMap":{"0":{"name":"(anonymous_0)","decl":{"start":{"line":1,"column":19},"end":{"line":1,"column":20}},"loc":{"start":{"line":1,"column":31},"end":{"line":3,"column":1}},"line":1}},"branchMap":{},"s":{"0":1,"1":1,"2":1},"f":{"0":1},"b":{},"_coverageSchema":"1a1c01bbd47fc00a2c39e90264f33305004495a9","hash":"ff0136a04b21fa92f8d3992c18f8f99021c39e18"}
,"C:\\Users\\odunsi\\Documents\\workspace\\javascript-testing\\js\\reverseString.js": {"path":"C:\\Users\\odunsi\\Documents\\workspace\\javascript-testing\\js\\reverseString.js","statementMap":{"0":{"start":{"line":1,"column":22},"end":{"line":3,"column":1}},"1":{"start":{"line":2,"column":2},"end":{"line":2,"column":45}},"2":{"start":{"line":5,"column":0},"end":{"line":5,"column":31}}},"fnMap":{"0":{"name":"(anonymous_0)","decl":{"start":{"line":1,"column":22},"end":{"line":1,"column":23}},"loc":{"start":{"line":1,"column":34},"end":{"line":3,"column":1}},"line":1}},"branchMap":{},"s":{"0":1,"1":1,"2":1},"f":{"0":1},"b":{},"_coverageSchema":"1a1c01bbd47fc00a2c39e90264f33305004495a9","hash":"c25d7fb3d332de3abc2a27f7c9d5f2d8bc3f90e9"}
}
