TN:
SF:sum.js
FN:1,sum
FNF:1
FNH:1
FNDA:1,sum
DA:2,1
DA:5,1
LF:2
LH:2
BRF:0
BRH:0
end_of_record
TN:
SF:js\arrayAnalysis.js
FN:1,(anonymous_0)
FN:3,(anonymous_1)
FN:4,(anonymous_2)
FN:5,(anonymous_3)
FNF:4
FNH:4
FNDA:1,(anonymous_0)
FNDA:5,(anonymous_1)
FNDA:12,(anonymous_2)
FNDA:5,(anonymous_3)
DA:1,1
DA:2,1
DA:3,5
DA:4,12
DA:5,5
DA:10,1
LF:6
LH:6
BRF:0
BRH:0
end_of_record
TN:
SF:js\caesar.js
FN:1,isUpperCase
FN:5,(anonymous_1)
FNF:2
FNH:2
FNDA:12,isUpperCase
FNDA:3,(anonymous_1)
DA:2,12
DA:5,1
DA:6,3
DA:8,2
DA:10,2
DA:11,12
DA:12,6
DA:16,6
DA:21,2
DA:24,1
LF:10
LH:10
BRDA:6,0,0,1
BRDA:6,0,1,2
BRDA:11,1,0,6
BRDA:11,1,1,6
BRF:4
BRH:4
end_of_record
TN:
SF:js\calculator.js
FN:1,(anonymous_0)
FN:3,(anonymous_1)
FN:6,(anonymous_2)
FN:9,(anonymous_3)
FN:12,(anonymous_4)
FNF:5
FNH:5
FNDA:4,(anonymous_0)
FNDA:1,(anonymous_1)
FNDA:1,(anonymous_2)
FNDA:1,(anonymous_3)
FNDA:1,(anonymous_4)
DA:1,1
DA:2,4
DA:4,1
DA:7,1
DA:10,1
DA:13,1
DA:18,1
LF:7
LH:7
BRF:0
BRH:0
end_of_record
TN:
SF:js\capitalize.js
FN:1,(anonymous_0)
FNF:1
FNH:1
FNDA:1,(anonymous_0)
DA:1,1
DA:2,1
DA:5,1
LF:3
LH:3
BRF:0
BRH:0
end_of_record
TN:
SF:js\reverseString.js
FN:1,(anonymous_0)
FNF:1
FNH:1
FNDA:1,(anonymous_0)
DA:1,1
DA:2,1
DA:5,1
LF:3
LH:3
BRF:0
BRH:0
end_of_record
